[debug] [2020-11-02T14:24:02.829Z] ----------------------------------------------------------------------
[debug] [2020-11-02T14:24:02.830Z] Command:       C:\Program Files\nodejs\node.exe C:\Users\ADMIN\AppData\Roaming\npm\node_modules\firebase-tools\lib\bin\firebase.js login
[debug] [2020-11-02T14:24:02.831Z] CLI Version:   8.14.1
[debug] [2020-11-02T14:24:02.831Z] Platform:      win32
[debug] [2020-11-02T14:24:02.831Z] Node Version:  v12.19.0
[debug] [2020-11-02T14:24:02.832Z] Time:          Mon Nov 02 2020 21:24:02 GMT+0700 (Indochina Time)
[debug] [2020-11-02T14:24:02.832Z] ----------------------------------------------------------------------
[debug] [2020-11-02T14:24:02.832Z] 
[info] i  Firebase optionally collects CLI usage and error reporting information to help improve our products. Data is collected in accordance with Google's privacy policy (https://policies.google.com/privacy) and is not used to identify you.
 
[info] 
[info] Visit this URL on this device to log in:
[info] https://accounts.google.com/o/oauth2/auth?client_id=563584335869-fgrhgmd47bqnekij5i8b5pr03ho849e6.apps.googleusercontent.com&scope=email%20openid%20https%3A%2F%2Fwww.googleapis.com%2Fauth%2Fcloudplatformprojects.readonly%20https%3A%2F%2Fwww.googleapis.com%2Fauth%2Ffirebase%20https%3A%2F%2Fwww.googleapis.com%2Fauth%2Fcloud-platform&response_type=code&state=133612503&redirect_uri=http%3A%2F%2Flocalhost%3A9005
[info] 
[info] Waiting for authentication...
[debug] [2020-11-02T14:24:08.278Z] Error: spawn cmd ENOENT
    at Process.ChildProcess._handle.onexit (internal/child_process.js:267:19)
    at onErrorNT (internal/child_process.js:469:16)
    at processTicksAndRejections (internal/process/task_queues.js:84:21)
[error] 
[error] Error: An unexpected error has occurred.
[debug] [2020-11-02T14:26:41.504Z] ----------------------------------------------------------------------
[debug] [2020-11-02T14:26:41.505Z] Command:       C:\Program Files\nodejs\node.exe C:\Users\ADMIN\AppData\Roaming\npm\node_modules\firebase-tools\lib\bin\firebase.js login
[debug] [2020-11-02T14:26:41.506Z] CLI Version:   8.14.1
[debug] [2020-11-02T14:26:41.506Z] Platform:      win32
[debug] [2020-11-02T14:26:41.506Z] Node Version:  v12.19.0
[debug] [2020-11-02T14:26:41.507Z] Time:          Mon Nov 02 2020 21:26:41 GMT+0700 (Indochina Time)
[debug] [2020-11-02T14:26:41.507Z] ----------------------------------------------------------------------
[debug] [2020-11-02T14:26:41.507Z] 
[info] i  Firebase optionally collects CLI usage and error reporting information to help improve our products. Data is collected in accordance with Google's privacy policy (https://policies.google.com/privacy) and is not used to identify you.
 
[info] 
[info] Visit this URL on this device to log in:
[info] https://accounts.google.com/o/oauth2/auth?client_id=563584335869-fgrhgmd47bqnekij5i8b5pr03ho849e6.apps.googleusercontent.com&scope=email%20openid%20https%3A%2F%2Fwww.googleapis.com%2Fauth%2Fcloudplatformprojects.readonly%20https%3A%2F%2Fwww.googleapis.com%2Fauth%2Ffirebase%20https%3A%2F%2Fwww.googleapis.com%2Fauth%2Fcloud-platform&response_type=code&state=259988574&redirect_uri=http%3A%2F%2Flocalhost%3A9005
[info] 
[info] Waiting for authentication...
[debug] [2020-11-02T14:27:15.009Z] Error: spawn cmd ENOENT
    at Process.ChildProcess._handle.onexit (internal/child_process.js:267:19)
    at onErrorNT (internal/child_process.js:469:16)
    at processTicksAndRejections (internal/process/task_queues.js:84:21)
[error] 
[error] Error: An unexpected error has occurred.
